<?xml version="1.0" encoding="UTF-8"?>
<coverage generated="1775220612105" clover="3.2.0">
  <project timestamp="1775220612106" name="All files">
    <metrics statements="56" coveredstatements="56" conditionals="26" coveredconditionals="25" methods="8" coveredmethods="8" elements="90" coveredelements="89" complexity="0" loc="56" ncloc="56" packages="2" files="4" classes="4"/>
    <package name="app">
      <metrics statements="33" coveredstatements="33" conditionals="10" coveredconditionals="9" methods="1" coveredmethods="1"/>
      <file name="app.html" path="C:\Users\Samantha Medeiros\Documents\Pessoal\Desafios Técnicos\health-person\src\frontend\src\app\app.html">
        <metrics statements="32" coveredstatements="32" conditionals="0" coveredconditionals="0" methods="0" coveredmethods="0"/>
        <line num="1" count="1" type="stmt"/>
        <line num="2" count="1" type="stmt"/>
        <line num="3" count="1" type="stmt"/>
        <line num="6" count="1" type="stmt"/>
        <line num="11" count="1" type="stmt"/>
        <line num="12" count="1" type="stmt"/>
        <line num="13" count="1" type="stmt"/>
        <line num="14" count="1" type="stmt"/>
        <line num="16" count="1" type="stmt"/>
        <line num="20" count="1" type="stmt"/>
        <line num="21" count="1" type="stmt"/>
        <line num="22" count="1" type="stmt"/>
        <line num="23" count="1" type="stmt"/>
        <line num="24" count="1" type="stmt"/>
        <line num="25" count="1" type="stmt"/>
        <line num="26" count="1" type="stmt"/>
        <line num="27" count="1" type="stmt"/>
        <line num="28" count="1" type="stmt"/>
        <line num="29" count="1" type="stmt"/>
        <line num="34" count="1" type="stmt"/>
        <line num="35" count="1" type="stmt"/>
        <line num="36" count="1" type="stmt"/>
        <line num="37" count="1" type="stmt"/>
        <line num="38" count="1" type="stmt"/>
        <line num="39" count="1" type="stmt"/>
        <line num="43" count="1" type="stmt"/>
        <line num="45" count="1" type="stmt"/>
        <line num="52" count="1" type="stmt"/>
        <line num="53" count="1" type="stmt"/>
        <line num="54" count="1" type="stmt"/>
        <line num="55" count="1" type="stmt"/>
        <line num="56" count="1" type="stmt"/>
      </file>
      <file name="app.ts" path="C:\Users\Samantha Medeiros\Documents\Pessoal\Desafios Técnicos\health-person\src\frontend\src\app\app.ts">
        <metrics statements="1" coveredstatements="1" conditionals="10" coveredconditionals="9" methods="1" coveredmethods="1"/>
        <line num="10" count="1" type="cond" truecount="9" falsecount="1"/>
      </file>
    </package>
    <package name="app.shared.validators">
      <metrics statements="23" coveredstatements="23" conditionals="16" coveredconditionals="16" methods="7" coveredmethods="7"/>
      <file name="cpf.validator.ts" path="C:\Users\Samantha Medeiros\Documents\Pessoal\Desafios Técnicos\health-person\src\frontend\src\app\shared\validators\cpf.validator.ts">
        <metrics statements="16" coveredstatements="16" conditionals="12" coveredconditionals="12" methods="5" coveredmethods="5"/>
        <line num="4" count="24" type="stmt"/>
        <line num="6" count="24" type="cond" truecount="2" falsecount="0"/>
        <line num="9" count="20" type="cond" truecount="2" falsecount="0"/>
        <line num="11" count="9" type="stmt"/>
        <line num="12" count="15" type="stmt"/>
        <line num="14" count="141" type="stmt"/>
        <line num="15" count="15" type="stmt"/>
        <line num="16" count="15" type="cond" truecount="2" falsecount="0"/>
        <line num="19" count="9" type="stmt"/>
        <line num="20" count="9" type="cond" truecount="2" falsecount="0"/>
        <line num="22" count="6" type="stmt"/>
        <line num="23" count="6" type="stmt"/>
        <line num="27" count="1" type="stmt"/>
        <line num="28" count="4" type="stmt"/>
        <line num="29" count="4" type="cond" truecount="2" falsecount="0"/>
        <line num="30" count="3" type="cond" truecount="2" falsecount="0"/>
      </file>
      <file name="data-nasc.validator.ts" path="C:\Users\Samantha Medeiros\Documents\Pessoal\Desafios Técnicos\health-person\src\frontend\src\app\shared\validators\data-nasc.validator.ts">
        <metrics statements="7" coveredstatements="7" conditionals="4" coveredconditionals="4" methods="2" coveredmethods="2"/>
        <line num="4" count="1" type="stmt"/>
        <line num="5" count="5" type="stmt"/>
        <line num="6" count="5" type="cond" truecount="2" falsecount="0"/>
        <line num="8" count="4" type="stmt"/>
        <line num="9" count="4" type="stmt"/>
        <line num="10" count="4" type="stmt"/>
        <line num="12" count="4" type="cond" truecount="2" falsecount="0"/>
      </file>
    </package>
  </project>
</coverage>
