{"C:\\Users\\Samantha Medeiros\\Documents\\Pessoal\\Desafios Técnicos\\health-person\\src\\frontend\\src\\app\\app.html": {"path":"C:\\Users\\Samantha Medeiros\\Documents\\Pessoal\\Desafios Técnicos\\health-person\\src\\frontend\\src\\app\\app.html","statementMap":{"0":{"start":{"line":1,"column":0},"end":{"line":1,"column":null}},"1":{"start":{"line":2,"column":4},"end":{"line":2,"column":null}},"2":{"start":{"line":3,"column":0},"end":{"line":3,"column":null}},"3":{"start":{"line":6,"column":0},"end":{"line":8,"column":null}},"4":{"start":{"line":11,"column":16},"end":{"line":11,"column":null}},"5":{"start":{"line":12,"column":16},"end":{"line":12,"column":44}},"6":{"start":{"line":12,"column":44},"end":{"line":12,"column":57}},"7":{"start":{"line":12,"column":57},"end":{"line":12,"column":null}},"8":{"start":{"line":13,"column":16},"end":{"line":13,"column":null}},"9":{"start":{"line":14,"column":20},"end":{"line":14,"column":null}},"10":{"start":{"line":16,"column":16},"end":{"line":16,"column":null}},"11":{"start":{"line":20,"column":12},"end":{"line":20,"column":null}},"12":{"start":{"line":21,"column":96},"end":{"line":21,"column":105}},"13":{"start":{"line":21,"column":105},"end":{"line":21,"column":null}},"14":{"start":{"line":22,"column":16},"end":{"line":22,"column":null}},"15":{"start":{"line":23,"column":116},"end":{"line":23,"column":126}},"16":{"start":{"line":23,"column":126},"end":{"line":23,"column":null}},"17":{"start":{"line":24,"column":20},"end":{"line":24,"column":116}},"18":{"start":{"line":24,"column":116},"end":{"line":24,"column":126}},"19":{"start":{"line":24,"column":126},"end":{"line":24,"column":null}},"20":{"start":{"line":25,"column":20},"end":{"line":25,"column":116}},"21":{"start":{"line":25,"column":116},"end":{"line":25,"column":127}},"22":{"start":{"line":25,"column":127},"end":{"line":25,"column":null}},"23":{"start":{"line":26,"column":20},"end":{"line":26,"column":116}},"24":{"start":{"line":26,"column":116},"end":{"line":26,"column":123}},"25":{"start":{"line":26,"column":123},"end":{"line":26,"column":null}},"26":{"start":{"line":27,"column":20},"end":{"line":27,"column":116}},"27":{"start":{"line":27,"column":116},"end":{"line":27,"column":126}},"28":{"start":{"line":27,"column":126},"end":{"line":27,"column":null}},"29":{"start":{"line":28,"column":20},"end":{"line":28,"column":116}},"30":{"start":{"line":28,"column":116},"end":{"line":28,"column":130}},"31":{"start":{"line":28,"column":130},"end":{"line":28,"column":null}},"32":{"start":{"line":29,"column":20},"end":{"line":29,"column":116}},"33":{"start":{"line":29,"column":116},"end":{"line":29,"column":125}},"34":{"start":{"line":29,"column":125},"end":{"line":30,"column":null}},"35":{"start":{"line":34,"column":12},"end":{"line":34,"column":null}},"36":{"start":{"line":35,"column":96},"end":{"line":35,"column":110}},"37":{"start":{"line":35,"column":110},"end":{"line":35,"column":null}},"38":{"start":{"line":36,"column":16},"end":{"line":36,"column":56}},"39":{"start":{"line":36,"column":56},"end":{"line":36,"column":null}},"40":{"start":{"line":37,"column":20},"end":{"line":37,"column":null}},"41":{"start":{"line":38,"column":24},"end":{"line":38,"column":null}},"42":{"start":{"line":39,"column":20},"end":{"line":39,"column":null}},"43":{"start":{"line":43,"column":16},"end":{"line":43,"column":null}},"44":{"start":{"line":45,"column":20},"end":{"line":45,"column":null}},"45":{"start":{"line":52,"column":24},"end":{"line":52,"column":null}},"46":{"start":{"line":53,"column":20},"end":{"line":53,"column":null}},"47":{"start":{"line":54,"column":20},"end":{"line":54,"column":26}},"48":{"start":{"line":54,"column":26},"end":{"line":54,"column":61}},"49":{"start":{"line":54,"column":61},"end":{"line":54,"column":null}},"50":{"start":{"line":55,"column":20},"end":{"line":55,"column":null}},"51":{"start":{"line":56,"column":16},"end":{"line":59,"column":null}}},"fnMap":{},"branchMap":{},"s":{"0":1,"1":1,"2":1,"3":1,"4":1,"5":1,"6":1,"7":1,"8":1,"9":1,"10":1,"11":1,"12":1,"13":1,"14":1,"15":1,"16":1,"17":1,"18":1,"19":1,"20":1,"21":1,"22":1,"23":1,"24":1,"25":1,"26":1,"27":1,"28":1,"29":1,"30":1,"31":1,"32":1,"33":1,"34":1,"35":1,"36":1,"37":1,"38":1,"39":1,"40":1,"41":1,"42":1,"43":1,"44":1,"45":1,"46":1,"47":1,"48":1,"49":1,"50":1,"51":1},"f":{},"b":{},"meta":{"lastBranch":0,"lastFunction":0,"lastStatement":52,"seen":{"s:1:0:1:Infinity":0,"s:2:4:2:Infinity":1,"s:3:0:3:Infinity":2,"s:6:0:8:Infinity":3,"s:11:16:11:Infinity":4,"s:12:16:12:44":5,"s:12:44:12:57":6,"s:12:57:12:Infinity":7,"s:13:16:13:Infinity":8,"s:14:20:14:Infinity":9,"s:16:16:16:Infinity":10,"s:20:12:20:Infinity":11,"s:21:96:21:105":12,"s:21:105:21:Infinity":13,"s:22:16:22:Infinity":14,"s:23:116:23:126":15,"s:23:126:23:Infinity":16,"s:24:20:24:116":17,"s:24:116:24:126":18,"s:24:126:24:Infinity":19,"s:25:20:25:116":20,"s:25:116:25:127":21,"s:25:127:25:Infinity":22,"s:26:20:26:116":23,"s:26:116:26:123":24,"s:26:123:26:Infinity":25,"s:27:20:27:116":26,"s:27:116:27:126":27,"s:27:126:27:Infinity":28,"s:28:20:28:116":29,"s:28:116:28:130":30,"s:28:130:28:Infinity":31,"s:29:20:29:116":32,"s:29:116:29:125":33,"s:29:125:30:Infinity":34,"s:34:12:34:Infinity":35,"s:35:96:35:110":36,"s:35:110:35:Infinity":37,"s:36:16:36:56":38,"s:36:56:36:Infinity":39,"s:37:20:37:Infinity":40,"s:38:24:38:Infinity":41,"s:39:20:39:Infinity":42,"s:43:16:43:Infinity":43,"s:45:20:45:Infinity":44,"s:52:24:52:Infinity":45,"s:53:20:53:Infinity":46,"s:54:20:54:26":47,"s:54:26:54:61":48,"s:54:61:54:Infinity":49,"s:55:20:55:Infinity":50,"s:56:16:59:Infinity":51}}}
,"C:\\Users\\Samantha Medeiros\\Documents\\Pessoal\\Desafios Técnicos\\health-person\\src\\frontend\\src\\app\\app.ts": {"path":"C:\\Users\\Samantha Medeiros\\Documents\\Pessoal\\Desafios Técnicos\\health-person\\src\\frontend\\src\\app\\app.ts","statementMap":{"0":{"start":{"line":10,"column":6},"end":{"line":6,"column":27}},"1":{"start":{"line":10,"column":13},"end":{"line":6,"column":27}},"2":{"start":{"line":10,"column":13},"end":{"line":10,"column":null}},"3":{"start":{"line":10,"column":16},"end":{"line":59,"column":null}},"4":{"start":{"line":10,"column":13},"end":{"line":6,"column":null}}},"fnMap":{"0":{"name":"(anonymous_0)","decl":{"start":{"line":10,"column":16},"end":{"line":10,"column":null}},"loc":{"start":{"line":10,"column":16},"end":{"line":6,"column":26}},"line":10}},"branchMap":{"0":{"loc":{"start":{"line":10,"column":13},"end":{"line":10,"column":16}},"type":"binary-expr","locations":[{"start":{"line":10,"column":13},"end":{"line":10,"column":16}},{"start":{"line":10,"column":13},"end":{"line":10,"column":16}}],"line":10},"1":{"loc":{"start":{"line":10,"column":16},"end":{"line":59,"column":null}},"type":"if","locations":[{"start":{"line":10,"column":16},"end":{"line":59,"column":null}},{"start":{},"end":{}}],"line":10},"2":{"loc":{"start":{"line":10,"column":13},"end":{"line":6,"column":null}},"type":"binary-expr","locations":[{"start":{"line":10,"column":13},"end":{"line":10,"column":16}},{"start":{"line":10,"column":13},"end":{"line":10,"column":16}},{"start":{"line":10,"column":13},"end":{"line":6,"column":null}}],"line":10},"3":{"loc":{"start":{"line":10,"column":13},"end":{"line":10,"column":null}},"type":"binary-expr","locations":[{"start":{"line":10,"column":13},"end":{"line":10,"column":16}},{"start":{"line":10,"column":13},"end":{"line":10,"column":16}},{"start":{"line":10,"column":13},"end":{"line":10,"column":null}}],"line":10}},"s":{"0":1,"1":1,"2":1,"3":1,"4":1},"f":{"0":1},"b":{"0":[1,1],"1":[1,0],"2":[1,1,1],"3":[1,1,1]},"meta":{"lastBranch":4,"lastFunction":1,"lastStatement":5,"seen":{"s:10:6:6:27":0,"s:10:13:6:27":1,"s:10:13:10:Infinity":2,"b:10:13:10:16:10:13:10:16":0,"f:10:16:10:Infinity":0,"b:10:16:59:Infinity:undefined:undefined:undefined:undefined":1,"s:10:16:59:Infinity":3,"s:10:13:6:Infinity":4,"b:10:13:10:16:10:13:10:16:10:13:6:Infinity":2,"b:10:13:10:16:10:13:10:16:10:13:10:Infinity":3}}}
,"C:\\Users\\Samantha Medeiros\\Documents\\Pessoal\\Desafios Técnicos\\health-person\\src\\frontend\\src\\app\\shared\\validators\\cpf.validator.ts": {"path":"C:\\Users\\Samantha Medeiros\\Documents\\Pessoal\\Desafios Técnicos\\health-person\\src\\frontend\\src\\app\\shared\\validators\\cpf.validator.ts","statementMap":{"0":{"start":{"line":4,"column":19},"end":{"line":4,"column":null}},"1":{"start":{"line":6,"column":4},"end":{"line":6,"column":null}},"2":{"start":{"line":6,"column":30},"end":{"line":6,"column":null}},"3":{"start":{"line":9,"column":4},"end":{"line":9,"column":null}},"4":{"start":{"line":9,"column":37},"end":{"line":9,"column":null}},"5":{"start":{"line":11,"column":22},"end":{"line":17,"column":null}},"6":{"start":{"line":12,"column":20},"end":{"line":14,"column":null}},"7":{"start":{"line":14,"column":35},"end":{"line":14,"column":67}},"8":{"start":{"line":15,"column":27},"end":{"line":15,"column":null}},"9":{"start":{"line":16,"column":8},"end":{"line":16,"column":null}},"10":{"start":{"line":19,"column":23},"end":{"line":19,"column":null}},"11":{"start":{"line":20,"column":4},"end":{"line":20,"column":null}},"12":{"start":{"line":20,"column":42},"end":{"line":20,"column":null}},"13":{"start":{"line":22,"column":24},"end":{"line":22,"column":null}},"14":{"start":{"line":23,"column":4},"end":{"line":23,"column":null}},"15":{"start":{"line":27,"column":4},"end":{"line":31,"column":null}},"16":{"start":{"line":28,"column":22},"end":{"line":28,"column":null}},"17":{"start":{"line":29,"column":8},"end":{"line":29,"column":null}},"18":{"start":{"line":29,"column":20},"end":{"line":29,"column":null}},"19":{"start":{"line":30,"column":8},"end":{"line":30,"column":null}}},"fnMap":{"0":{"name":"validarCPF","decl":{"start":{"line":3,"column":16},"end":{"line":3,"column":27}},"loc":{"start":{"line":3,"column":38},"end":{"line":24,"column":null}},"line":3},"1":{"name":"(anonymous_1)","decl":{"start":{"line":11,"column":22},"end":{"line":11,"column":23}},"loc":{"start":{"line":11,"column":64},"end":{"line":17,"column":null}},"line":11},"2":{"name":"(anonymous_2)","decl":{"start":{"line":14,"column":20},"end":{"line":14,"column":21}},"loc":{"start":{"line":14,"column":35},"end":{"line":14,"column":67}},"line":14},"3":{"name":"cpfValidator","decl":{"start":{"line":26,"column":16},"end":{"line":26,"column":28}},"loc":{"start":{"line":26,"column":28},"end":{"line":32,"column":null}},"line":26},"4":{"name":"(anonymous_4)","decl":{"start":{"line":27,"column":11},"end":{"line":27,"column":12}},"loc":{"start":{"line":27,"column":65},"end":{"line":31,"column":null}},"line":27}},"branchMap":{"0":{"loc":{"start":{"line":6,"column":4},"end":{"line":6,"column":null}},"type":"if","locations":[{"start":{"line":6,"column":4},"end":{"line":6,"column":null}},{"start":{},"end":{}}],"line":6},"1":{"loc":{"start":{"line":9,"column":4},"end":{"line":9,"column":null}},"type":"if","locations":[{"start":{"line":9,"column":4},"end":{"line":9,"column":null}},{"start":{},"end":{}}],"line":9},"2":{"loc":{"start":{"line":16,"column":15},"end":{"line":16,"column":null}},"type":"cond-expr","locations":[{"start":{"line":16,"column":33},"end":{"line":16,"column":37}},{"start":{"line":16,"column":37},"end":{"line":16,"column":null}}],"line":16},"3":{"loc":{"start":{"line":20,"column":4},"end":{"line":20,"column":null}},"type":"if","locations":[{"start":{"line":20,"column":4},"end":{"line":20,"column":null}},{"start":{},"end":{}}],"line":20},"4":{"loc":{"start":{"line":29,"column":8},"end":{"line":29,"column":null}},"type":"if","locations":[{"start":{"line":29,"column":8},"end":{"line":29,"column":null}},{"start":{},"end":{}}],"line":29},"5":{"loc":{"start":{"line":30,"column":15},"end":{"line":30,"column":null}},"type":"cond-expr","locations":[{"start":{"line":30,"column":35},"end":{"line":30,"column":42}},{"start":{"line":30,"column":42},"end":{"line":30,"column":null}}],"line":30}},"s":{"0":24,"1":24,"2":4,"3":20,"4":11,"5":9,"6":15,"7":141,"8":15,"9":15,"10":9,"11":9,"12":3,"13":6,"14":6,"15":1,"16":4,"17":4,"18":1,"19":3},"f":{"0":24,"1":15,"2":141,"3":1,"4":4},"b":{"0":[4,20],"1":[11,9],"2":[1,14],"3":[3,6],"4":[1,3],"5":[1,2]},"meta":{"lastBranch":6,"lastFunction":5,"lastStatement":20,"seen":{"f:3:16:3:27":0,"s:4:19:4:Infinity":0,"b:6:4:6:Infinity:undefined:undefined:undefined:undefined":0,"s:6:4:6:Infinity":1,"s:6:30:6:Infinity":2,"b:9:4:9:Infinity:undefined:undefined:undefined:undefined":1,"s:9:4:9:Infinity":3,"s:9:37:9:Infinity":4,"s:11:22:17:Infinity":5,"f:11:22:11:23":1,"s:12:20:14:Infinity":6,"f:14:20:14:21":2,"s:14:35:14:67":7,"s:15:27:15:Infinity":8,"s:16:8:16:Infinity":9,"b:16:33:16:37:16:37:16:Infinity":2,"s:19:23:19:Infinity":10,"b:20:4:20:Infinity:undefined:undefined:undefined:undefined":3,"s:20:4:20:Infinity":11,"s:20:42:20:Infinity":12,"s:22:24:22:Infinity":13,"s:23:4:23:Infinity":14,"f:26:16:26:28":3,"s:27:4:31:Infinity":15,"f:27:11:27:12":4,"s:28:22:28:Infinity":16,"b:29:8:29:Infinity:undefined:undefined:undefined:undefined":4,"s:29:8:29:Infinity":17,"s:29:20:29:Infinity":18,"s:30:8:30:Infinity":19,"b:30:35:30:42:30:42:30:Infinity":5}}}
,"C:\\Users\\Samantha Medeiros\\Documents\\Pessoal\\Desafios Técnicos\\health-person\\src\\frontend\\src\\app\\shared\\validators\\data-nasc.validator.ts": {"path":"C:\\Users\\Samantha Medeiros\\Documents\\Pessoal\\Desafios Técnicos\\health-person\\src\\frontend\\src\\app\\shared\\validators\\data-nasc.validator.ts","statementMap":{"0":{"start":{"line":4,"column":4},"end":{"line":13,"column":null}},"1":{"start":{"line":5,"column":22},"end":{"line":5,"column":null}},"2":{"start":{"line":6,"column":8},"end":{"line":6,"column":null}},"3":{"start":{"line":6,"column":20},"end":{"line":6,"column":null}},"4":{"start":{"line":8,"column":25},"end":{"line":8,"column":null}},"5":{"start":{"line":9,"column":21},"end":{"line":9,"column":null}},"6":{"start":{"line":10,"column":8},"end":{"line":10,"column":null}},"7":{"start":{"line":12,"column":8},"end":{"line":12,"column":null}}},"fnMap":{"0":{"name":"dataNascValidator","decl":{"start":{"line":3,"column":16},"end":{"line":3,"column":33}},"loc":{"start":{"line":3,"column":33},"end":{"line":14,"column":null}},"line":3},"1":{"name":"(anonymous_1)","decl":{"start":{"line":4,"column":11},"end":{"line":4,"column":12}},"loc":{"start":{"line":4,"column":65},"end":{"line":13,"column":null}},"line":4}},"branchMap":{"0":{"loc":{"start":{"line":6,"column":8},"end":{"line":6,"column":null}},"type":"if","locations":[{"start":{"line":6,"column":8},"end":{"line":6,"column":null}},{"start":{},"end":{}}],"line":6},"1":{"loc":{"start":{"line":12,"column":15},"end":{"line":12,"column":null}},"type":"cond-expr","locations":[{"start":{"line":12,"column":33},"end":{"line":12,"column":60}},{"start":{"line":12,"column":60},"end":{"line":12,"column":null}}],"line":12}},"s":{"0":1,"1":5,"2":5,"3":1,"4":4,"5":4,"6":4,"7":4},"f":{"0":1,"1":5},"b":{"0":[1,4],"1":[2,2]},"meta":{"lastBranch":2,"lastFunction":2,"lastStatement":8,"seen":{"f:3:16:3:33":0,"s:4:4:13:Infinity":0,"f:4:11:4:12":1,"s:5:22:5:Infinity":1,"b:6:8:6:Infinity:undefined:undefined:undefined:undefined":0,"s:6:8:6:Infinity":2,"s:6:20:6:Infinity":3,"s:8:25:8:Infinity":4,"s:9:21:9:Infinity":5,"s:10:8:10:Infinity":6,"s:12:8:12:Infinity":7,"b:12:33:12:60:12:60:12:Infinity":1}}}
}
